<?xml version="1.0" encoding="UTF-8"?>
<!-- Generated by org.testng.reporters.JUnitReportReporter -->
<testsuite ignored="3" hostname="lenovo-PC" failures="0" tests="1" name="api.Products" time="3.499" errors="0" timestamp="21 May 2023 04:12:00 GMT" skipped="0">
  <testcase classname="api.Products" name="postProducts" time="3.499"/>
  <testcase classname="api.Products" name="getProducts2">
    <skipped/>
  </testcase> <!-- getProducts2 -->
  <testcase classname="api.Products" name="getProducts3">
    <skipped/>
  </testcase> <!-- getProducts3 -->
  <testcase classname="api.Products" name="getProducts">
    <skipped/>
  </testcase> <!-- getProducts -->
</testsuite> <!-- api.Products -->
